{
  "stats": {
    "suites": 1,
    "tests": 1,
    "passes": 1,
    "pending": 0,
    "failures": 0,
    "start": "2022-06-16T11:02:52.811Z",
    "end": "2022-06-16T11:03:03.780Z",
    "duration": 10969,
    "testsRegistered": 1,
    "passPercent": 100,
    "pendingPercent": 0,
    "other": 0,
    "hasOther": false,
    "skipped": 0,
    "hasSkipped": false
  },
  "results": [
    {
      "uuid": "b55621fd-df7f-4fe7-b3b9-0e2ce426fe2e",
      "title": "",
      "fullFile": "cypress/e2e/spec.login.cy.js",
      "file": "cypress/e2e/spec.login.cy.js",
      "beforeHooks": [],
      "afterHooks": [],
      "tests": [],
      "suites": [
        {
          "uuid": "1fec5c4a-9033-4ddc-b549-80bcfd86c0f9",
          "title": "Login Test",
          "fullFile": "",
          "file": "",
          "beforeHooks": [],
          "afterHooks": [],
          "tests": [
            {
              "title": "should login successfully",
              "fullTitle": "Login Test should login successfully",
              "timedOut": null,
              "duration": 5732,
              "state": "passed",
              "speed": "medium",
              "pass": true,
              "fail": false,
              "pending": false,
              "context": null,
              "code": "cy.visit('https://www.stealmylogin.com/demo.html');\ncy.get('[name=\"username\"]').type('fake@email.com');\ncy.get('[name=\"password\"]').type('aPassword');\ncy.get('[value=\"login\"]').click(); // Should be on a new URL which\n// includes '/commands/actions'\ncy.url().should('include', 'example.com');",
              "err": {},
              "uuid": "a7c87646-218f-40c4-a91d-ab2549b96b4a",
              "parentUUID": "1fec5c4a-9033-4ddc-b549-80bcfd86c0f9",
              "isHook": false,
              "skipped": false
            }
          ],
          "suites": [],
          "passes": [
            "a7c87646-218f-40c4-a91d-ab2549b96b4a"
          ],
          "failures": [],
          "pending": [],
          "skipped": [],
          "duration": 5732,
          "root": false,
          "rootEmpty": false,
          "_timeout": 2000
        }
      ],
      "passes": [],
      "failures": [],
      "pending": [],
      "skipped": [],
      "duration": 0,
      "root": true,
      "rootEmpty": true,
      "_timeout": 2000
    }
  ],
  "meta": {
    "mocha": {
      "version": "7.0.1"
    },
    "mochawesome": {
      "options": {
        "quiet": false,
        "reportFilename": "mochawesome",
        "saveHtml": false,
        "saveJson": true,
        "consoleReporter": "spec",
        "useInlineDiffs": false,
        "code": true
      },
      "version": "6.3.1"
    },
    "marge": {
      "options": {
        "overwrite": false,
        "html": false,
        "json": true
      },
      "version": "5.2.0"
    }
  }
}