{
  "stats": {
    "suites": 1,
    "tests": 5,
    "passes": 5,
    "pending": 0,
    "failures": 0,
    "start": "2022-06-16T11:41:05.169Z",
    "end": "2022-06-16T11:41:06.730Z",
    "duration": 1561,
    "testsRegistered": 5,
    "passPercent": 100,
    "pendingPercent": 0,
    "other": 0,
    "hasOther": false,
    "skipped": 0,
    "hasSkipped": false
  },
  "results": [
    {
      "uuid": "daa0eacf-cc6d-4e79-868b-37e8e02f964f",
      "title": "",
      "fullFile": "cypress/e2e/spec.database.cy.js",
      "file": "cypress/e2e/spec.database.cy.js",
      "beforeHooks": [],
      "afterHooks": [],
      "tests": [],
      "suites": [
        {
          "uuid": "28577c01-f394-483a-adb6-ca709e557a42",
          "title": "Example to Demonstrate SQL Database Testing in Cypress",
          "fullFile": "",
          "file": "",
          "beforeHooks": [],
          "afterHooks": [],
          "tests": [
            {
              "title": "Create a Table",
              "fullTitle": "Example to Demonstrate SQL Database Testing in Cypress Create a Table",
              "timedOut": null,
              "duration": 397,
              "state": "passed",
              "speed": "fast",
              "pass": true,
              "fail": false,
              "pending": false,
              "context": null,
              "code": "cy.task('queryDb', \"CREATE TABLE Persons (PersonID int, FirstName varchar(255), Address varchar(255), City varchar(255))\");",
              "err": {},
              "uuid": "919eb1b0-c2dc-4672-b3cb-3e6028d4089c",
              "parentUUID": "28577c01-f394-483a-adb6-ca709e557a42",
              "isHook": false,
              "skipped": false
            },
            {
              "title": "Input Entries into the table",
              "fullTitle": "Example to Demonstrate SQL Database Testing in Cypress Input Entries into the table",
              "timedOut": null,
              "duration": 84,
              "state": "passed",
              "speed": "fast",
              "pass": true,
              "fail": false,
              "pending": false,
              "context": null,
              "code": "cy.task('queryDb', \"INSERT INTO Persons (PersonID, FirstName, Address, City) VALUES\\n        (001, \\\"John\\\", \\\"House No. 01\\\", \\\"Helsinki\\\"),\\n        (002, \\\"Pam\\\", \\\"House No. 02\\\", \\\"Espoo\\\"),\\n        (003, \\\"Dwight\\\", \\\"House No. 03\\\", \\\"Lapland\\\"),\\n        (004, \\\"Michael\\\", \\\"House No. 04\\\", \\\"Vantaa\\\");\").then(function (result) {\n  expect(result.affectedRows).to.equal(4);\n});",
              "err": {},
              "uuid": "0c292266-0315-4de5-a6f5-5e7f591def9e",
              "parentUUID": "28577c01-f394-483a-adb6-ca709e557a42",
              "isHook": false,
              "skipped": false
            },
            {
              "title": "Update an Entry into the table and verify",
              "fullTitle": "Example to Demonstrate SQL Database Testing in Cypress Update an Entry into the table and verify",
              "timedOut": null,
              "duration": 176,
              "state": "passed",
              "speed": "fast",
              "pass": true,
              "fail": false,
              "pending": false,
              "context": null,
              "code": "cy.task('queryDb', \"UPDATE Persons SET FirstName = \\\"Kevin\\\" WHERE City=\\\"Vantaa\\\"\").then(function (result) {\n  expect(result.changedRows).to.equal(1);\n});\ncy.task('queryDb', \"SELECT FirstName FROM Persons WHERE City=\\\"Vantaa\\\"\").then(function (result) {\n  expect(result[0].FirstName).to.equal('Kevin');\n});",
              "err": {},
              "uuid": "4ff1ec5e-8a16-4f26-bc77-6f67d31afe93",
              "parentUUID": "28577c01-f394-483a-adb6-ca709e557a42",
              "isHook": false,
              "skipped": false
            },
            {
              "title": "Verify that there is only one row where the city is Espoo",
              "fullTitle": "Example to Demonstrate SQL Database Testing in Cypress Verify that there is only one row where the city is Espoo",
              "timedOut": null,
              "duration": 274,
              "state": "passed",
              "speed": "fast",
              "pass": true,
              "fail": false,
              "pending": false,
              "context": null,
              "code": "cy.task('queryDb', \"SELECT COUNT(*) as \\\"rowCount\\\" FROM Persons WHERE City=\\\"Espoo\\\"\").then(function (result) {\n  expect(result[0].rowCount).to.equal(1);\n});",
              "err": {},
              "uuid": "2c4e9358-9a7e-47ec-9b75-303d91639cb0",
              "parentUUID": "28577c01-f394-483a-adb6-ca709e557a42",
              "isHook": false,
              "skipped": false
            },
            {
              "title": "Delete a Table and Verify",
              "fullTitle": "Example to Demonstrate SQL Database Testing in Cypress Delete a Table and Verify",
              "timedOut": null,
              "duration": 409,
              "state": "passed",
              "speed": "fast",
              "pass": true,
              "fail": false,
              "pending": false,
              "context": null,
              "code": "cy.task('queryDb', \"DROP TABLE Persons\").then(function (result) {\n  cy.log('Test');\n  cy.log(result);\n});",
              "err": {},
              "uuid": "cc3e4681-b5d1-400e-8bed-b300eefec84c",
              "parentUUID": "28577c01-f394-483a-adb6-ca709e557a42",
              "isHook": false,
              "skipped": false
            }
          ],
          "suites": [],
          "passes": [
            "919eb1b0-c2dc-4672-b3cb-3e6028d4089c",
            "0c292266-0315-4de5-a6f5-5e7f591def9e",
            "4ff1ec5e-8a16-4f26-bc77-6f67d31afe93",
            "2c4e9358-9a7e-47ec-9b75-303d91639cb0",
            "cc3e4681-b5d1-400e-8bed-b300eefec84c"
          ],
          "failures": [],
          "pending": [],
          "skipped": [],
          "duration": 1340,
          "root": false,
          "rootEmpty": false,
          "_timeout": 2000
        }
      ],
      "passes": [],
      "failures": [],
      "pending": [],
      "skipped": [],
      "duration": 0,
      "root": true,
      "rootEmpty": true,
      "_timeout": 2000
    }
  ],
  "meta": {
    "mocha": {
      "version": "7.0.1"
    },
    "mochawesome": {
      "options": {
        "quiet": false,
        "reportFilename": "mochawesome",
        "saveHtml": false,
        "saveJson": true,
        "consoleReporter": "spec",
        "useInlineDiffs": false,
        "code": true
      },
      "version": "6.3.1"
    },
    "marge": {
      "options": {
        "overwrite": false,
        "html": false,
        "json": true
      },
      "version": "5.2.0"
    }
  }
}