{
  "stats": {
    "suites": 1,
    "tests": 5,
    "passes": 5,
    "pending": 0,
    "failures": 0,
    "start": "2022-06-22T09:34:47.366Z",
    "end": "2022-06-22T09:34:48.519Z",
    "duration": 1153,
    "testsRegistered": 5,
    "passPercent": 100,
    "pendingPercent": 0,
    "other": 0,
    "hasOther": false,
    "skipped": 0,
    "hasSkipped": false
  },
  "results": [
    {
      "uuid": "b63247c6-3325-4e58-818d-c63962429c7e",
      "title": "",
      "fullFile": "cypress/e2e/spec.database.cy.js",
      "file": "cypress/e2e/spec.database.cy.js",
      "beforeHooks": [],
      "afterHooks": [],
      "tests": [],
      "suites": [
        {
          "uuid": "9c413b38-4d18-4f0c-86b1-ae0100899332",
          "title": "Example to Demonstrate SQL Database Testing in Cypress",
          "fullFile": "",
          "file": "",
          "beforeHooks": [],
          "afterHooks": [],
          "tests": [
            {
              "title": "should create a Table",
              "fullTitle": "Example to Demonstrate SQL Database Testing in Cypress should create a Table",
              "timedOut": null,
              "duration": 344,
              "state": "passed",
              "speed": "fast",
              "pass": true,
              "fail": false,
              "pending": false,
              "context": null,
              "code": "cy.task('queryDb', \"CREATE TABLE Persons (PersonID int, FirstName varchar(255), Address varchar(255), City varchar(255))\");",
              "err": {},
              "uuid": "e185b771-b5c3-4487-ab43-f80c2fc775df",
              "parentUUID": "9c413b38-4d18-4f0c-86b1-ae0100899332",
              "isHook": false,
              "skipped": false
            },
            {
              "title": "should input Entries into the table",
              "fullTitle": "Example to Demonstrate SQL Database Testing in Cypress should input Entries into the table",
              "timedOut": null,
              "duration": 86,
              "state": "passed",
              "speed": "fast",
              "pass": true,
              "fail": false,
              "pending": false,
              "context": null,
              "code": "cy.task('queryDb', \"INSERT INTO Persons (PersonID, FirstName, Address, City) VALUES\\n        (001, \\\"John\\\", \\\"House No. 01\\\", \\\"Helsinki\\\"),\\n        (002, \\\"Pam\\\", \\\"House No. 02\\\", \\\"Espoo\\\"),\\n        (003, \\\"Dwight\\\", \\\"House No. 03\\\", \\\"Lapland\\\"),\\n        (004, \\\"Michael\\\", \\\"House No. 04\\\", \\\"Vantaa\\\");\").then(function (result) {\n  expect(result.affectedRows).to.equal(4);\n});",
              "err": {},
              "uuid": "b606a7d1-4074-48ad-934a-2ee71607d049",
              "parentUUID": "9c413b38-4d18-4f0c-86b1-ae0100899332",
              "isHook": false,
              "skipped": false
            },
            {
              "title": "should update an Entry into the table and verify",
              "fullTitle": "Example to Demonstrate SQL Database Testing in Cypress should update an Entry into the table and verify",
              "timedOut": null,
              "duration": 159,
              "state": "passed",
              "speed": "fast",
              "pass": true,
              "fail": false,
              "pending": false,
              "context": null,
              "code": "cy.task('queryDb', \"UPDATE Persons SET FirstName = \\\"Kevin\\\" WHERE City=\\\"Vantaa\\\"\").then(function (result) {\n  expect(result.changedRows).to.equal(1);\n});\ncy.task('queryDb', \"SELECT FirstName FROM Persons WHERE City=\\\"Vantaa\\\"\").then(function (result) {\n  expect(result[0].FirstName).to.equal('Kevin');\n});",
              "err": {},
              "uuid": "31c2a9cd-866f-4836-aad1-a453aaad718a",
              "parentUUID": "9c413b38-4d18-4f0c-86b1-ae0100899332",
              "isHook": false,
              "skipped": false
            },
            {
              "title": "should verify that there is only one row where the city is Espoo",
              "fullTitle": "Example to Demonstrate SQL Database Testing in Cypress should verify that there is only one row where the city is Espoo",
              "timedOut": null,
              "duration": 79,
              "state": "passed",
              "speed": "fast",
              "pass": true,
              "fail": false,
              "pending": false,
              "context": null,
              "code": "cy.task('queryDb', \"SELECT COUNT(*) as \\\"rowCount\\\" FROM Persons WHERE City=\\\"Espoo\\\"\").then(function (result) {\n  expect(result[0].rowCount).to.equal(1);\n});",
              "err": {},
              "uuid": "baa476a2-f1f4-426e-ab7a-2fdce5e2e2cb",
              "parentUUID": "9c413b38-4d18-4f0c-86b1-ae0100899332",
              "isHook": false,
              "skipped": false
            },
            {
              "title": "should delete a Table and Verify",
              "fullTitle": "Example to Demonstrate SQL Database Testing in Cypress should delete a Table and Verify",
              "timedOut": null,
              "duration": 211,
              "state": "passed",
              "speed": "fast",
              "pass": true,
              "fail": false,
              "pending": false,
              "context": null,
              "code": "cy.task('queryDb', \"DROP TABLE Persons\").then(function (result) {\n  cy.log(result);\n});",
              "err": {},
              "uuid": "b2ce289e-26ba-4fcd-a673-6876af3f9e77",
              "parentUUID": "9c413b38-4d18-4f0c-86b1-ae0100899332",
              "isHook": false,
              "skipped": false
            }
          ],
          "suites": [],
          "passes": [
            "e185b771-b5c3-4487-ab43-f80c2fc775df",
            "b606a7d1-4074-48ad-934a-2ee71607d049",
            "31c2a9cd-866f-4836-aad1-a453aaad718a",
            "baa476a2-f1f4-426e-ab7a-2fdce5e2e2cb",
            "b2ce289e-26ba-4fcd-a673-6876af3f9e77"
          ],
          "failures": [],
          "pending": [],
          "skipped": [],
          "duration": 879,
          "root": false,
          "rootEmpty": false,
          "_timeout": 2000
        }
      ],
      "passes": [],
      "failures": [],
      "pending": [],
      "skipped": [],
      "duration": 0,
      "root": true,
      "rootEmpty": true,
      "_timeout": 2000
    }
  ],
  "meta": {
    "mocha": {
      "version": "7.0.1"
    },
    "mochawesome": {
      "options": {
        "quiet": false,
        "reportFilename": "mochawesome",
        "saveHtml": false,
        "saveJson": true,
        "consoleReporter": "spec",
        "useInlineDiffs": false,
        "code": true
      },
      "version": "6.3.1"
    },
    "marge": {
      "options": {
        "overwrite": false,
        "html": false,
        "json": true
      },
      "version": "5.2.0"
    }
  }
}