{
  "stats": {
    "suites": 1,
    "tests": 5,
    "passes": 0,
    "pending": 0,
    "failures": 5,
    "start": "2022-06-16T10:53:10.046Z",
    "end": "2022-06-16T10:53:16.263Z",
    "duration": 6217,
    "testsRegistered": 5,
    "passPercent": 0,
    "pendingPercent": 0,
    "other": 0,
    "hasOther": false,
    "skipped": 0,
    "hasSkipped": false
  },
  "results": [
    {
      "uuid": "266d5e31-f9bd-4072-9551-06c493bf2587",
      "title": "",
      "fullFile": "cypress/e2e/spec.database.cy.js",
      "file": "cypress/e2e/spec.database.cy.js",
      "beforeHooks": [],
      "afterHooks": [],
      "tests": [],
      "suites": [
        {
          "uuid": "fd5cb621-16d1-404f-b7f8-abceefc4b507",
          "title": "Example to Demonstrate SQL Database Testing in Cypress",
          "fullFile": "",
          "file": "",
          "beforeHooks": [],
          "afterHooks": [],
          "tests": [
            {
              "title": "Create a Table",
              "fullTitle": "Example to Demonstrate SQL Database Testing in Cypress Create a Table",
              "timedOut": null,
              "duration": 984,
              "state": "failed",
              "speed": null,
              "pass": false,
              "fail": true,
              "pending": false,
              "context": null,
              "code": "cy.task('queryDb', \"CREATE TABLE Persons (PersonID int, FirstName varchar(255), Address varchar(255), City varchar(255))\");",
              "err": {
                "message": "CypressError: `cy.task('queryDb')` failed with the following error:\n\nThe 'task' event has not been registered in the setupNodeEvents method. You must register it before using cy.task()\n\nFix this in your setupNodeEvents method here:\n/Users/garybehan/Documents/Code/Customers/Kount/cypress-basic/cypress.config.js\n\nhttps://on.cypress.io/api/task",
                "estack": "CypressError: `cy.task('queryDb')` failed with the following error:\n\nThe 'task' event has not been registered in the setupNodeEvents method. You must register it before using cy.task()\n\nFix this in your setupNodeEvents method here:\n/Users/garybehan/Documents/Code/Customers/Kount/cypress-basic/cypress.config.js\n\nhttps://on.cypress.io/api/task\n    at http://localhost:52787/__cypress/runner/cypress_runner.js:160145:80\n    at tryCatcher (http://localhost:52787/__cypress/runner/cypress_runner.js:13012:23)\n    at Promise._settlePromiseFromHandler (http://localhost:52787/__cypress/runner/cypress_runner.js:10947:31)\n    at Promise._settlePromise (http://localhost:52787/__cypress/runner/cypress_runner.js:11004:18)\n    at Promise._settlePromise0 (http://localhost:52787/__cypress/runner/cypress_runner.js:11049:10)\n    at Promise._settlePromises (http://localhost:52787/__cypress/runner/cypress_runner.js:11125:18)\n    at _drainQueueStep (http://localhost:52787/__cypress/runner/cypress_runner.js:7719:12)\n    at _drainQueue (http://localhost:52787/__cypress/runner/cypress_runner.js:7712:9)\n    at Async.../../node_modules/bluebird/js/release/async.js.Async._drainQueues (http://localhost:52787/__cypress/runner/cypress_runner.js:7728:5)\n    at Async.drainQueues (http://localhost:52787/__cypress/runner/cypress_runner.js:7598:14)\nFrom Your Spec Code:\n    at Context.eval (http://localhost:52787/__cypress/tests?p=cypress/e2e/spec.database.cy.js:101:8)",
                "diff": null
              },
              "uuid": "77a3019d-10c8-49c7-91aa-ec7177b72b1a",
              "parentUUID": "fd5cb621-16d1-404f-b7f8-abceefc4b507",
              "isHook": false,
              "skipped": false
            },
            {
              "title": "Input Entries into the table",
              "fullTitle": "Example to Demonstrate SQL Database Testing in Cypress Input Entries into the table",
              "timedOut": null,
              "duration": 408,
              "state": "failed",
              "speed": null,
              "pass": false,
              "fail": true,
              "pending": false,
              "context": null,
              "code": "cy.task('queryDb', `INSERT INTO Persons (PersonID, FirstName, Address, City) VALUES\n    (001, \"John\", \"House No. 01\", \"Helsinki\"),\n    (002, \"Pam\", \"House No. 02\", \"Espoo\"),\n    (003, \"Dwight\", \"House No. 03\", \"Lapland\"),\n    (004, \"Michael\", \"House No. 04\", \"Vantaa\");`).then(result => {\n  expect(result.affectedRows).to.equal(4);\n});",
              "err": {
                "message": "CypressError: `cy.task('queryDb')` failed with the following error:\n\nThe 'task' event has not been registered in the setupNodeEvents method. You must register it before using cy.task()\n\nFix this in your setupNodeEvents method here:\n/Users/garybehan/Documents/Code/Customers/Kount/cypress-basic/cypress.config.js\n\nhttps://on.cypress.io/api/task",
                "estack": "CypressError: `cy.task('queryDb')` failed with the following error:\n\nThe 'task' event has not been registered in the setupNodeEvents method. You must register it before using cy.task()\n\nFix this in your setupNodeEvents method here:\n/Users/garybehan/Documents/Code/Customers/Kount/cypress-basic/cypress.config.js\n\nhttps://on.cypress.io/api/task\n    at http://localhost:52787/__cypress/runner/cypress_runner.js:160145:80\n    at tryCatcher (http://localhost:52787/__cypress/runner/cypress_runner.js:13012:23)\n    at Promise._settlePromiseFromHandler (http://localhost:52787/__cypress/runner/cypress_runner.js:10947:31)\n    at Promise._settlePromise (http://localhost:52787/__cypress/runner/cypress_runner.js:11004:18)\n    at Promise._settlePromise0 (http://localhost:52787/__cypress/runner/cypress_runner.js:11049:10)\n    at Promise._settlePromises (http://localhost:52787/__cypress/runner/cypress_runner.js:11125:18)\n    at _drainQueueStep (http://localhost:52787/__cypress/runner/cypress_runner.js:7719:12)\n    at _drainQueue (http://localhost:52787/__cypress/runner/cypress_runner.js:7712:9)\n    at Async.../../node_modules/bluebird/js/release/async.js.Async._drainQueues (http://localhost:52787/__cypress/runner/cypress_runner.js:7728:5)\n    at Async.drainQueues (http://localhost:52787/__cypress/runner/cypress_runner.js:7598:14)\nFrom Your Spec Code:\n    at Context.eval (http://localhost:52787/__cypress/tests?p=cypress/e2e/spec.database.cy.js:104:8)",
                "diff": null
              },
              "uuid": "132c4d20-ad06-4065-8e73-7f1283985ea0",
              "parentUUID": "fd5cb621-16d1-404f-b7f8-abceefc4b507",
              "isHook": false,
              "skipped": false
            },
            {
              "title": "Update an Entry into the table and verify",
              "fullTitle": "Example to Demonstrate SQL Database Testing in Cypress Update an Entry into the table and verify",
              "timedOut": null,
              "duration": 340,
              "state": "failed",
              "speed": null,
              "pass": false,
              "fail": true,
              "pending": false,
              "context": null,
              "code": "cy.task('queryDb', `UPDATE Persons SET FirstName = \"Kevin\" WHERE City=\"Vantaa\"`).then(result => {\n  expect(result.changedRows).to.equal(1);\n});\ncy.task('queryDb', `SELECT FirstName FROM Persons WHERE City=\"Vantaa\"`).then(result => {\n  expect(result[0].FirstName).to.equal('Kevin');\n});",
              "err": {
                "message": "CypressError: `cy.task('queryDb')` failed with the following error:\n\nThe 'task' event has not been registered in the setupNodeEvents method. You must register it before using cy.task()\n\nFix this in your setupNodeEvents method here:\n/Users/garybehan/Documents/Code/Customers/Kount/cypress-basic/cypress.config.js\n\nhttps://on.cypress.io/api/task",
                "estack": "CypressError: `cy.task('queryDb')` failed with the following error:\n\nThe 'task' event has not been registered in the setupNodeEvents method. You must register it before using cy.task()\n\nFix this in your setupNodeEvents method here:\n/Users/garybehan/Documents/Code/Customers/Kount/cypress-basic/cypress.config.js\n\nhttps://on.cypress.io/api/task\n    at http://localhost:52787/__cypress/runner/cypress_runner.js:160145:80\n    at tryCatcher (http://localhost:52787/__cypress/runner/cypress_runner.js:13012:23)\n    at Promise._settlePromiseFromHandler (http://localhost:52787/__cypress/runner/cypress_runner.js:10947:31)\n    at Promise._settlePromise (http://localhost:52787/__cypress/runner/cypress_runner.js:11004:18)\n    at Promise._settlePromise0 (http://localhost:52787/__cypress/runner/cypress_runner.js:11049:10)\n    at Promise._settlePromises (http://localhost:52787/__cypress/runner/cypress_runner.js:11125:18)\n    at _drainQueueStep (http://localhost:52787/__cypress/runner/cypress_runner.js:7719:12)\n    at _drainQueue (http://localhost:52787/__cypress/runner/cypress_runner.js:7712:9)\n    at Async.../../node_modules/bluebird/js/release/async.js.Async._drainQueues (http://localhost:52787/__cypress/runner/cypress_runner.js:7728:5)\n    at Async.drainQueues (http://localhost:52787/__cypress/runner/cypress_runner.js:7598:14)\nFrom Your Spec Code:\n    at Context.eval (http://localhost:52787/__cypress/tests?p=cypress/e2e/spec.database.cy.js:113:8)",
                "diff": null
              },
              "uuid": "d5fd6749-e2a8-409a-aaf4-30ab098b8807",
              "parentUUID": "fd5cb621-16d1-404f-b7f8-abceefc4b507",
              "isHook": false,
              "skipped": false
            },
            {
              "title": "Verify that there is only one row where the city is Espoo",
              "fullTitle": "Example to Demonstrate SQL Database Testing in Cypress Verify that there is only one row where the city is Espoo",
              "timedOut": null,
              "duration": 525,
              "state": "failed",
              "speed": null,
              "pass": false,
              "fail": true,
              "pending": false,
              "context": null,
              "code": "cy.task('queryDb', `SELECT COUNT(*) as \"rowCount\" FROM Persons WHERE City=\"Espoo\"`).then(result => {\n  expect(result[0].rowCount).to.equal(1);\n});",
              "err": {
                "message": "CypressError: `cy.task('queryDb')` failed with the following error:\n\nThe 'task' event has not been registered in the setupNodeEvents method. You must register it before using cy.task()\n\nFix this in your setupNodeEvents method here:\n/Users/garybehan/Documents/Code/Customers/Kount/cypress-basic/cypress.config.js\n\nhttps://on.cypress.io/api/task",
                "estack": "CypressError: `cy.task('queryDb')` failed with the following error:\n\nThe 'task' event has not been registered in the setupNodeEvents method. You must register it before using cy.task()\n\nFix this in your setupNodeEvents method here:\n/Users/garybehan/Documents/Code/Customers/Kount/cypress-basic/cypress.config.js\n\nhttps://on.cypress.io/api/task\n    at http://localhost:52787/__cypress/runner/cypress_runner.js:160145:80\n    at tryCatcher (http://localhost:52787/__cypress/runner/cypress_runner.js:13012:23)\n    at Promise._settlePromiseFromHandler (http://localhost:52787/__cypress/runner/cypress_runner.js:10947:31)\n    at Promise._settlePromise (http://localhost:52787/__cypress/runner/cypress_runner.js:11004:18)\n    at Promise._settlePromise0 (http://localhost:52787/__cypress/runner/cypress_runner.js:11049:10)\n    at Promise._settlePromises (http://localhost:52787/__cypress/runner/cypress_runner.js:11125:18)\n    at _drainQueueStep (http://localhost:52787/__cypress/runner/cypress_runner.js:7719:12)\n    at _drainQueue (http://localhost:52787/__cypress/runner/cypress_runner.js:7712:9)\n    at Async.../../node_modules/bluebird/js/release/async.js.Async._drainQueues (http://localhost:52787/__cypress/runner/cypress_runner.js:7728:5)\n    at Async.drainQueues (http://localhost:52787/__cypress/runner/cypress_runner.js:7598:14)\nFrom Your Spec Code:\n    at Context.eval (http://localhost:52787/__cypress/tests?p=cypress/e2e/spec.database.cy.js:121:8)",
                "diff": null
              },
              "uuid": "19a147c2-221d-45d3-83c9-7cf8bfc3024c",
              "parentUUID": "fd5cb621-16d1-404f-b7f8-abceefc4b507",
              "isHook": false,
              "skipped": false
            },
            {
              "title": "Delete a Table and Verify",
              "fullTitle": "Example to Demonstrate SQL Database Testing in Cypress Delete a Table and Verify",
              "timedOut": null,
              "duration": 336,
              "state": "failed",
              "speed": null,
              "pass": false,
              "fail": true,
              "pending": false,
              "context": null,
              "code": "cy.task('queryDb', `DROP TABLE Persons`).then(result => {\n  expect(result.message).to.equal(\"\");\n});",
              "err": {
                "message": "CypressError: `cy.task('queryDb')` failed with the following error:\n\nThe 'task' event has not been registered in the setupNodeEvents method. You must register it before using cy.task()\n\nFix this in your setupNodeEvents method here:\n/Users/garybehan/Documents/Code/Customers/Kount/cypress-basic/cypress.config.js\n\nhttps://on.cypress.io/api/task",
                "estack": "CypressError: `cy.task('queryDb')` failed with the following error:\n\nThe 'task' event has not been registered in the setupNodeEvents method. You must register it before using cy.task()\n\nFix this in your setupNodeEvents method here:\n/Users/garybehan/Documents/Code/Customers/Kount/cypress-basic/cypress.config.js\n\nhttps://on.cypress.io/api/task\n    at http://localhost:52787/__cypress/runner/cypress_runner.js:160145:80\n    at tryCatcher (http://localhost:52787/__cypress/runner/cypress_runner.js:13012:23)\n    at Promise._settlePromiseFromHandler (http://localhost:52787/__cypress/runner/cypress_runner.js:10947:31)\n    at Promise._settlePromise (http://localhost:52787/__cypress/runner/cypress_runner.js:11004:18)\n    at Promise._settlePromise0 (http://localhost:52787/__cypress/runner/cypress_runner.js:11049:10)\n    at Promise._settlePromises (http://localhost:52787/__cypress/runner/cypress_runner.js:11125:18)\n    at _drainQueueStep (http://localhost:52787/__cypress/runner/cypress_runner.js:7719:12)\n    at _drainQueue (http://localhost:52787/__cypress/runner/cypress_runner.js:7712:9)\n    at Async.../../node_modules/bluebird/js/release/async.js.Async._drainQueues (http://localhost:52787/__cypress/runner/cypress_runner.js:7728:5)\n    at Async.drainQueues (http://localhost:52787/__cypress/runner/cypress_runner.js:7598:14)\nFrom Your Spec Code:\n    at Context.eval (http://localhost:52787/__cypress/tests?p=cypress/e2e/spec.database.cy.js:126:8)",
                "diff": null
              },
              "uuid": "77360e1b-8a02-4cb2-8e80-9fea95d1ba74",
              "parentUUID": "fd5cb621-16d1-404f-b7f8-abceefc4b507",
              "isHook": false,
              "skipped": false
            }
          ],
          "suites": [],
          "passes": [],
          "failures": [
            "77a3019d-10c8-49c7-91aa-ec7177b72b1a",
            "132c4d20-ad06-4065-8e73-7f1283985ea0",
            "d5fd6749-e2a8-409a-aaf4-30ab098b8807",
            "19a147c2-221d-45d3-83c9-7cf8bfc3024c",
            "77360e1b-8a02-4cb2-8e80-9fea95d1ba74"
          ],
          "pending": [],
          "skipped": [],
          "duration": 2593,
          "root": false,
          "rootEmpty": false,
          "_timeout": 2000
        }
      ],
      "passes": [],
      "failures": [],
      "pending": [],
      "skipped": [],
      "duration": 0,
      "root": true,
      "rootEmpty": true,
      "_timeout": 2000
    }
  ],
  "meta": {
    "mocha": {
      "version": "7.0.1"
    },
    "mochawesome": {
      "options": {
        "quiet": false,
        "reportFilename": "mochawesome",
        "saveHtml": false,
        "saveJson": true,
        "consoleReporter": "spec",
        "useInlineDiffs": false,
        "code": true
      },
      "version": "6.3.1"
    },
    "marge": {
      "options": {
        "overwrite": false,
        "html": false,
        "json": true
      },
      "version": "5.2.0"
    }
  }
}