{
  "stats": {
    "suites": 1,
    "tests": 1,
    "passes": 1,
    "pending": 0,
    "failures": 0,
    "start": "2022-06-16T10:53:24.637Z",
    "end": "2022-06-16T10:53:34.113Z",
    "duration": 9476,
    "testsRegistered": 1,
    "passPercent": 100,
    "pendingPercent": 0,
    "other": 0,
    "hasOther": false,
    "skipped": 0,
    "hasSkipped": false
  },
  "results": [
    {
      "uuid": "36b9983c-0096-4d35-ba5f-89162c334103",
      "title": "",
      "fullFile": "cypress/e2e/spec.login.cy.js",
      "file": "cypress/e2e/spec.login.cy.js",
      "beforeHooks": [],
      "afterHooks": [],
      "tests": [],
      "suites": [
        {
          "uuid": "8a345c2f-31ec-430b-a65d-ef0786a0f440",
          "title": "Login Test",
          "fullFile": "",
          "file": "",
          "beforeHooks": [],
          "afterHooks": [],
          "tests": [
            {
              "title": "should login successfully",
              "fullTitle": "Login Test should login successfully",
              "timedOut": null,
              "duration": 4602,
              "state": "passed",
              "speed": "fast",
              "pass": true,
              "fail": false,
              "pending": false,
              "context": null,
              "code": "cy.visit('https://www.stealmylogin.com/demo.html');\ncy.get('[name=\"username\"]').type('fake@email.com');\ncy.get('[name=\"password\"]').type('aPassword');\ncy.get('[value=\"login\"]').click(); // Should be on a new URL which\n// includes '/commands/actions'\ncy.url().should('include', 'example.com');",
              "err": {},
              "uuid": "c405ed38-7a8a-4f75-9c13-d196bfa2fd7b",
              "parentUUID": "8a345c2f-31ec-430b-a65d-ef0786a0f440",
              "isHook": false,
              "skipped": false
            }
          ],
          "suites": [],
          "passes": [
            "c405ed38-7a8a-4f75-9c13-d196bfa2fd7b"
          ],
          "failures": [],
          "pending": [],
          "skipped": [],
          "duration": 4602,
          "root": false,
          "rootEmpty": false,
          "_timeout": 2000
        }
      ],
      "passes": [],
      "failures": [],
      "pending": [],
      "skipped": [],
      "duration": 0,
      "root": true,
      "rootEmpty": true,
      "_timeout": 2000
    }
  ],
  "meta": {
    "mocha": {
      "version": "7.0.1"
    },
    "mochawesome": {
      "options": {
        "quiet": false,
        "reportFilename": "mochawesome",
        "saveHtml": false,
        "saveJson": true,
        "consoleReporter": "spec",
        "useInlineDiffs": false,
        "code": true
      },
      "version": "6.3.1"
    },
    "marge": {
      "options": {
        "overwrite": false,
        "html": false,
        "json": true
      },
      "version": "5.2.0"
    }
  }
}