{
  "stats": {
    "suites": 1,
    "tests": 2,
    "passes": 2,
    "pending": 0,
    "failures": 0,
    "start": "2022-06-21T12:42:58.113Z",
    "end": "2022-06-21T12:43:07.754Z",
    "duration": 9641,
    "testsRegistered": 2,
    "passPercent": 100,
    "pendingPercent": 0,
    "other": 0,
    "hasOther": false,
    "skipped": 0,
    "hasSkipped": false
  },
  "results": [
    {
      "uuid": "716fa747-5511-4fcf-8d91-311fb6a91a65",
      "title": "",
      "fullFile": "cypress/e2e/spec.login.cy.js",
      "file": "cypress/e2e/spec.login.cy.js",
      "beforeHooks": [],
      "afterHooks": [],
      "tests": [],
      "suites": [
        {
          "uuid": "82c88831-d658-47b5-9933-ae56660ba571",
          "title": "Login Test",
          "fullFile": "",
          "file": "",
          "beforeHooks": [],
          "afterHooks": [],
          "tests": [
            {
              "title": "should login successfully",
              "fullTitle": "Login Test should login successfully",
              "timedOut": null,
              "duration": 5225,
              "state": "passed",
              "speed": "medium",
              "pass": true,
              "fail": false,
              "pending": false,
              "context": null,
              "code": "cy.visit('https://www.stealmylogin.com/demo.html');\ncy.get('[name=\"username\"]').type('fake@email.com');\ncy.get('[name=\"password\"]').type('aPassword');\ncy.get('[value=\"login\"]').click();",
              "err": {},
              "uuid": "8b1ac5ec-e503-4b14-b826-4b40efb0a291",
              "parentUUID": "82c88831-d658-47b5-9933-ae56660ba571",
              "isHook": false,
              "skipped": false
            },
            {
              "title": "should land on the correct page successfully",
              "fullTitle": "Login Test should land on the correct page successfully",
              "timedOut": null,
              "duration": 194,
              "state": "passed",
              "speed": "fast",
              "pass": true,
              "fail": false,
              "pending": false,
              "context": null,
              "code": "// Should be on a new URL which\n// includes '/commands/actions'\ncy.url().should('include', 'example.com');",
              "err": {},
              "uuid": "49b94612-78ca-49a0-be93-537bb7c48789",
              "parentUUID": "82c88831-d658-47b5-9933-ae56660ba571",
              "isHook": false,
              "skipped": false
            }
          ],
          "suites": [],
          "passes": [
            "8b1ac5ec-e503-4b14-b826-4b40efb0a291",
            "49b94612-78ca-49a0-be93-537bb7c48789"
          ],
          "failures": [],
          "pending": [],
          "skipped": [],
          "duration": 5419,
          "root": false,
          "rootEmpty": false,
          "_timeout": 2000
        }
      ],
      "passes": [],
      "failures": [],
      "pending": [],
      "skipped": [],
      "duration": 0,
      "root": true,
      "rootEmpty": true,
      "_timeout": 2000
    }
  ],
  "meta": {
    "mocha": {
      "version": "7.0.1"
    },
    "mochawesome": {
      "options": {
        "quiet": false,
        "reportFilename": "mochawesome",
        "saveHtml": false,
        "saveJson": true,
        "consoleReporter": "spec",
        "useInlineDiffs": false,
        "code": true
      },
      "version": "6.3.1"
    },
    "marge": {
      "options": {
        "overwrite": false,
        "html": false,
        "json": true
      },
      "version": "5.2.0"
    }
  }
}