{
  "stats": {
    "suites": 0,
    "tests": 1,
    "passes": 0,
    "pending": 0,
    "failures": 1,
    "start": "2022-06-22T09:26:22.434Z",
    "end": "2022-06-22T09:26:25.288Z",
    "duration": 2854,
    "testsRegistered": 1,
    "passPercent": 0,
    "pendingPercent": 0,
    "other": 0,
    "hasOther": false,
    "skipped": 0,
    "hasSkipped": false
  },
  "results": [
    {
      "uuid": "169c4144-fbf8-4d5d-91c0-96e6a6485d93",
      "title": "",
      "fullFile": "cypress/e2e/spec.login.cy.js",
      "file": "cypress/e2e/spec.login.cy.js",
      "beforeHooks": [],
      "afterHooks": [],
      "tests": [
        {
          "title": "An uncaught error was detected outside of a test",
          "fullTitle": "An uncaught error was detected outside of a test",
          "timedOut": null,
          "duration": 530,
          "state": "failed",
          "speed": null,
          "pass": false,
          "fail": true,
          "pending": false,
          "context": null,
          "code": "throw err;",
          "err": {
            "message": "Error: The following error originated from your test code, not from Cypress.\n\n  > Failed to import atoms module get-attribute.js. If running in dev mode, you need to run `bazel build //javascript/node/selenium-webdriver/lib/atoms:get-attribute.js` from the projectroot: Error: Cannot find module './atoms/get-attribute.js'\n\nWhen Cypress detects uncaught errors originating from your test code it will automatically fail the current test.\n\nCypress could not associate this error to any specific test.\n\nWe dynamically generated a new test to display this failure.",
            "estack": "Error: The following error originated from your test code, not from Cypress.\n\n  > Failed to import atoms module get-attribute.js. If running in dev mode, you need to run `bazel build //javascript/node/selenium-webdriver/lib/atoms:get-attribute.js` from the projectroot: Error: Cannot find module './atoms/get-attribute.js'\n\nWhen Cypress detects uncaught errors originating from your test code it will automatically fail the current test.\n\nCypress could not associate this error to any specific test.\n\nWe dynamically generated a new test to display this failure.\n    at requireAtom (http://localhost:65100/__cypress/tests?p=cypress/e2e/spec.login.cy.js:48750:13)\n    at Object.264../command (http://localhost:65100/__cypress/tests?p=cypress/e2e/spec.login.cy.js:48722:22)\n    at o (http://localhost:65100/__cypress/tests?p=cypress/e2e/spec.login.cy.js:1:265)\n    at eval (http://localhost:65100/__cypress/tests?p=cypress/e2e/spec.login.cy.js:1:316)\n    at Object.eval (http://localhost:65100/__cypress/tests?p=cypress/e2e/spec.login.cy.js:44276:17)\n    at Object.eval (http://localhost:65100/__cypress/tests?p=cypress/e2e/spec.login.cy.js:44595:4)\n    at Object.253.../lib/http (http://localhost:65100/__cypress/tests?p=cypress/e2e/spec.login.cy.js:44595:17)\n    at o (http://localhost:65100/__cypress/tests?p=cypress/e2e/spec.login.cy.js:1:265)\n    at eval (http://localhost:65100/__cypress/tests?p=cypress/e2e/spec.login.cy.js:1:316)\n    at Object.eval (http://localhost:65100/__cypress/tests?p=cypress/e2e/spec.login.cy.js:45305:15)",
            "diff": null
          },
          "uuid": "7ec66671-eabb-4c14-b99a-a4d2da9529f9",
          "parentUUID": "169c4144-fbf8-4d5d-91c0-96e6a6485d93",
          "isHook": false,
          "skipped": false
        }
      ],
      "suites": [],
      "passes": [],
      "failures": [
        "7ec66671-eabb-4c14-b99a-a4d2da9529f9"
      ],
      "pending": [],
      "skipped": [],
      "duration": 530,
      "root": true,
      "rootEmpty": false,
      "_timeout": 2000
    }
  ],
  "meta": {
    "mocha": {
      "version": "7.0.1"
    },
    "mochawesome": {
      "options": {
        "quiet": false,
        "reportFilename": "mochawesome",
        "saveHtml": false,
        "saveJson": true,
        "consoleReporter": "spec",
        "useInlineDiffs": false,
        "code": true
      },
      "version": "6.3.1"
    },
    "marge": {
      "options": {
        "overwrite": false,
        "html": false,
        "json": true
      },
      "version": "5.2.0"
    }
  }
}